[32m2025-11-05 09:52:43[0m | [1mINFO    [0m | [36msrc.utils.logger[0m:[36minfo[0m:[36m68[0m - [1mTushareå®¢æˆ·ç«¯åˆå§‹åŒ–æˆåŠŸ[0m
[32m2025-11-05 09:52:43[0m | [1mINFO    [0m | [36msrc.utils.logger[0m:[36minfo[0m:[36m68[0m - [1mDataFetcheråˆå§‹åŒ–æˆåŠŸ[0m
[32m2025-11-05 09:52:43[0m | [1mINFO    [0m | [36msrc.utils.logger[0m:[36minfo[0m:[36m68[0m - [1mTushareå®¢æˆ·ç«¯åˆå§‹åŒ–æˆåŠŸ[0m
[32m2025-11-05 09:52:43[0m | [1mINFO    [0m | [36msrc.utils.logger[0m:[36minfo[0m:[36m68[0m - [1mDataFetcheråˆå§‹åŒ–æˆåŠŸ[0m
[32m2025-11-05 09:52:43[0m | [1mINFO    [0m | [36msrc.utils.logger[0m:[36minfo[0m:[36m68[0m - [1mTushareå®¢æˆ·ç«¯åˆå§‹åŒ–æˆåŠŸ[0m
[32m2025-11-05 09:52:43[0m | [1mINFO    [0m | [36msrc.utils.logger[0m:[36minfo[0m:[36m68[0m - [1mDataFetcheråˆå§‹åŒ–æˆåŠŸ[0m
[32m2025-11-05 09:52:43[0m | [1mINFO    [0m | [36msrc.utils.logger[0m:[36minfo[0m:[36m68[0m - [1m============================================================[0m
[32m2025-11-05 09:52:43[0m | [1mINFO    [0m | [36msrc.utils.logger[0m:[36minfo[0m:[36m68[0m - [1mGraham Value Investment Analyzer å¯åŠ¨ä¸­...[0m
[32m2025-11-05 09:52:43[0m | [1mINFO    [0m | [36msrc.utils.logger[0m:[36minfo[0m:[36m68[0m - [1m============================================================[0m
[32m2025-11-05 09:52:43[0m | [1mINFO    [0m | [36msrc.utils.logger[0m:[36minfo[0m:[36m68[0m - [1måˆ›å»ºFlaskåº”ç”¨...[0m
[32m2025-11-05 09:52:43[0m | [1mINFO    [0m | [36msrc.utils.logger[0m:[36minfo[0m:[36m68[0m - [1mFlaskåº”ç”¨åˆ›å»ºæˆåŠŸ[0m
[32m2025-11-05 09:52:43[0m | [1mINFO    [0m | [36msrc.utils.logger[0m:[36minfo[0m:[36m68[0m - [1mFlaskæœåŠ¡é…ç½®: 0.0.0.0:5000[0m
[32m2025-11-05 09:52:43[0m | [1mINFO    [0m | [36msrc.utils.logger[0m:[36minfo[0m:[36m68[0m - [1m============================================================[0m
[32m2025-11-05 09:52:43[0m | [1mINFO    [0m | [36msrc.utils.logger[0m:[36minfo[0m:[36m68[0m - [1måº”ç”¨å¯åŠ¨æˆåŠŸï¼[0m
[32m2025-11-05 09:52:43[0m | [1mINFO    [0m | [36msrc.utils.logger[0m:[36minfo[0m:[36m68[0m - [1mAPIåœ°å€: http://0.0.0.0:5000[0m
[32m2025-11-05 09:52:43[0m | [1mINFO    [0m | [36msrc.utils.logger[0m:[36minfo[0m:[36m68[0m - [1mAPIæ–‡æ¡£: http://0.0.0.0:5000/[0m
[32m2025-11-05 09:52:43[0m | [1mINFO    [0m | [36msrc.utils.logger[0m:[36minfo[0m:[36m68[0m - [1m============================================================[0m
[32m2025-11-05 09:52:43[0m | [1mINFO    [0m | [36msrc.utils.logger[0m:[36minfo[0m:[36m68[0m - [1mè¯´æ˜Ž: ç³»ç»Ÿå·²æ”¹ä¸ºå®žæ—¶è°ƒç”¨Tushare APIèŽ·å–æ•°æ®[0m
[32m2025-11-05 09:52:43[0m | [1mINFO    [0m | [36msrc.utils.logger[0m:[36minfo[0m:[36m68[0m - [1m============================================================[0m
 * Serving Flask app 'src.api.app'
 * Debug mode: on
Address already in use
Port 5000 is in use by another program. Either identify and stop that program, or start the server with a different port.
On macOS, try disabling the 'AirPlay Receiver' service from System Preferences -> General -> AirDrop & Handoff.
